
**** **** **** ****
**** Start SSSE32 Dll Sep  7 2017 10:55:37, CurrTime:20181019 090149 ****
**** Exit SSSE32 Dll Sep  7 2017 10:55:37, CurrTime:20181019 091251 ****

**** **** **** ****
**** Start SSSE32 Dll Sep  7 2017 10:55:37, CurrTime:20190619 145422 ****
**** Exit SSSE32 Dll Sep  7 2017 10:55:37, CurrTime:20190619 145447 ****

**** **** **** ****
**** Start SSSE32 Dll Sep  7 2017 10:55:37, CurrTime:20190619 165047 ****
**** Exit SSSE32 Dll Sep  7 2017 10:55:37, CurrTime:20190619 170259 ****

**** **** **** ****
**** Start SSSE32 Dll Sep  7 2017 10:55:37, CurrTime:20190620 101334 ****
**** Exit SSSE32 Dll Sep  7 2017 10:55:37, CurrTime:20190620 101540 ****

**** **** **** ****
**** Start SSSE32 Dll Sep  7 2017 10:55:37, CurrTime:20190620 101552 ****
**** Exit SSSE32 Dll Sep  7 2017 10:55:37, CurrTime:20190620 101653 ****

**** **** **** ****
**** Start SSSE32 Dll Sep  7 2017 10:55:37, CurrTime:20190620 101808 ****
**** Exit SSSE32 Dll Sep  7 2017 10:55:37, CurrTime:20190620 102007 ****

**** **** **** ****
**** Start SSSE32 Dll Sep  7 2017 10:55:37, CurrTime:20190622 154800 ****

**** **** **** ****
**** Start SSSE32 Dll Sep  7 2017 10:55:37, CurrTime:20190624 100540 ****
**** Exit SSSE32 Dll Sep  7 2017 10:55:37, CurrTime:20190624 180355 ****

**** **** **** ****
**** Start SSSE32 Dll Sep  7 2017 10:55:37, CurrTime:20201229 164742 ****
**** Exit SSSE32 Dll Sep  7 2017 10:55:37, CurrTime:20201229 164933 ****

**** **** **** ****
**** Start SSSE32 Dll Sep  7 2017 10:55:37, CurrTime:20210714 111302 ****
**** Exit SSSE32 Dll Sep  7 2017 10:55:37, CurrTime:20210714 111309 ****

**** **** **** ****
**** Start SSSE32 Dll Sep  7 2017 10:55:37, CurrTime:20211116 101443 ****
**** Exit SSSE32 Dll Sep  7 2017 10:55:37, CurrTime:20211116 101803 ****

**** **** **** ****
**** Start SSSE32 Dll Sep  7 2017 10:55:37, CurrTime:20211116 101806 ****

**** **** **** ****
**** Start SSSE32 Dll Sep  7 2017 10:55:37, CurrTime:20211116 101843 ****

**** **** **** ****
**** Start SSSE32 Dll Sep  7 2017 10:55:37, CurrTime:20211116 101921 ****
**** Exit SSSE32 Dll Sep  7 2017 10:55:37, CurrTime:20211116 101927 ****

**** **** **** ****
**** Start SSSE32 Dll Sep  7 2017 10:55:37, CurrTime:20211116 102006 ****

**** **** **** ****
**** Start SSSE32 Dll Sep  7 2017 10:55:37, CurrTime:20211116 151602 ****

**** **** **** ****
**** Start SSSE32 Dll Sep  7 2017 10:55:37, CurrTime:20211116 151707 ****

**** **** **** ****
**** Start SSSE32 Dll Sep  7 2017 10:55:37, CurrTime:20211116 151904 ****

**** **** **** ****
**** Start SSSE32 Dll Sep  7 2017 10:55:37, CurrTime:20211116 152038 ****
**** Exit SSSE32 Dll Sep  7 2017 10:55:37, CurrTime:20211116 152157 ****

**** **** **** ****
**** Start SSSE32 Dll Sep  7 2017 10:55:37, CurrTime:20211116 152211 ****
**** Exit SSSE32 Dll Sep  7 2017 10:55:37, CurrTime:20211116 152224 ****

**** **** **** ****
**** Start SSSE32 Dll Sep  7 2017 10:55:37, CurrTime:20211116 152336 ****

**** **** **** ****
**** Start SSSE32 Dll Sep  7 2017 10:55:37, CurrTime:20211116 152457 ****

**** **** **** ****
**** Start SSSE32 Dll Sep  7 2017 10:55:37, CurrTime:20211116 152624 ****

**** **** **** ****
**** Start SSSE32 Dll Sep  7 2017 10:55:37, CurrTime:20211116 153102 ****

**** **** **** ****
**** Start SSSE32 Dll Sep  7 2017 10:55:37, CurrTime:20211119 123019 ****
**** Exit SSSE32 Dll Sep  7 2017 10:55:37, CurrTime:20211119 123032 ****

**** **** **** ****
**** Start SSSE32 Dll Sep  7 2017 10:55:37, CurrTime:20211119 123040 ****
**** Exit SSSE32 Dll Sep  7 2017 10:55:37, CurrTime:20211119 123235 ****

**** **** **** ****
**** Start SSSE32 Dll Mar 16 2018 13:07:04, CurrTime:20211119 130901 ****
**** Exit SSSE32 Dll Mar 16 2018 13:07:04, CurrTime:20211119 130911 ****

**** **** **** ****
**** Start SSSE32 Dll Mar 16 2018 13:07:04, CurrTime:20211119 130929 ****
**** Exit SSSE32 Dll Mar 16 2018 13:07:04, CurrTime:20211119 131305 ****

**** **** **** ****
**** Start SSSE32 Dll Mar 16 2018 13:07:04, CurrTime:20211119 134212 ****
**** Exit SSSE32 Dll Mar 16 2018 13:07:04, CurrTime:20211119 134220 ****
