
**** **** **** ****
**** Start Dll Sep  7 2017 10:00:53, CurrTime:20210809 174549 ****
**** Free Dll Sep  7 2017 10:00:53, CurrTime:20210809 174553 ****

**** **** **** ****
**** Start Dll Sep  7 2017 10:00:53, CurrTime:20210809 175008 ****
**** Free Dll Sep  7 2017 10:00:53, CurrTime:20210809 175020 ****

**** **** **** ****
**** Start Dll Sep  7 2017 10:00:53, CurrTime:20210809 175426 ****
**** Free Dll Sep  7 2017 10:00:53, CurrTime:20210809 175449 ****

**** **** **** ****
**** Start Dll Sep  7 2017 10:00:53, CurrTime:20210809 175525 ****
**** Free Dll Sep  7 2017 10:00:53, CurrTime:20210809 175528 ****

**** **** **** ****
**** Start Dll Sep  7 2017 10:00:53, CurrTime:20210809 183514 ****
**** Free Dll Sep  7 2017 10:00:53, CurrTime:20210809 183646 ****

**** **** **** ****
**** Start Dll Sep  7 2017 10:00:53, CurrTime:20210809 183914 ****
**** Free Dll Sep  7 2017 10:00:53, CurrTime:20210809 184240 ****

**** **** **** ****
**** Start Dll Sep  7 2017 10:00:53, CurrTime:20210809 204823 ****
**** Free Dll Sep  7 2017 10:00:53, CurrTime:20210809 204830 ****

**** **** **** ****
**** Start Dll Sep  7 2017 10:00:53, CurrTime:20210809 221903 ****
**** Free Dll Sep  7 2017 10:00:53, CurrTime:20210809 224734 ****

**** **** **** ****
**** Start Dll Sep  7 2017 10:00:53, CurrTime:20210809 230355 ****
**** Free Dll Sep  7 2017 10:00:53, CurrTime:20210809 230553 ****

**** **** **** ****
**** Start Dll Sep  7 2017 10:00:53, CurrTime:20210809 230600 ****

序秘iReadCardBas, iType=4...
lSiTransInit歌方:1,1,2
01 reset::
00000000h: 3B 6D 00 00 00 8C CF 23 01 86 49 53 01 A9 99 99   ;m.....#..IS....
00000010h: 05                                                .
12 reset::
00000000h: 3B 7D 96 00 00 00 81 4D 32 60 86 43 BF 19 10 98   ;}.....M2`.C....
00000010h: 38 3B                                             8;
Send to 01: 00A404000F7378312E73682EC9E7BBE1B1A3D5CF40
Recv fr 01: 6118
Send to 01: 00C0000018
Recv fr 01: 6F16840F7378312E73682EC9E7BBE1B1A3D5CFA50388011E9000
僉哘喘...CardAlg:0
Send to 12: 00B0960006
Recv fr 12: 5399009000039000
12 僉哘喘桟廠:0
Send to 12: 00A404000F7378312E73682EC9E7BBE1B1A3D5CF40
Recv fr 12: 6118
Send to 12: 00C0000018
Recv fr 12: 6F16840F7378312E73682EC9E7BBE1B1A3D5CFA5038801019000
Send to 12: 00A4040006D1560000059040
Recv fr 12: 610A
Send to 12: 00C000000A
Recv fr 12: 6F088406D156000005909000
触頭函坪何範屬方象
Send to 01: 0084000008
Recv fr 01: 6E8B3482AC0C650A9000
Send to 01: 0084000008
Recv fr 01: 49ADE6AFD38D7C589000
Send to 01: 008800001049ADE6AFD38D7C586E8B3482AC0C650A08
Recv fr 01: 6108
Send to 01: 00C0000008
Recv fr 01: 3F1C1BF38CCF04129000
Send to 01: 00A4020002EF05
Recv fr 01: 9000
Send to 01: 00B2010540
Recv fr 01: 0110530100D156000005A9999905EE54AF5C0201330304322E3030040C915600000253010053010A4A05042015032406042025032407094139393939393930359000
EF05::
00000000h: 01 10 53 01 00 D1 56 00 00 05 A9 99 99 05 EE 54   ..S...V........T
00000010h: AF 5C 02 01 33 03 04 32 2E 30 30 04 0C 91 56 00   .\..3..2.00...V.
00000020h: 00 02 53 01 00 53 01 0A 4A 05 04 20 15 03 24 06   ..S..S..J.....$.
00000030h: 04 20 25 03 24 07 09 41 39 39 39 39 39 39 30 35   ..%.$..A99999905
響触朔...CardAlg:1
井云催[2.00]-->[2]
触頭函坪何範屬方象
蝕兵坪何範屬, alg=1
DivFactor::
00000000h: 86 49 53 01 A9 99 99 05 35 33 30 31 30 30 73 78   .IS.....530100sx
00000010h: 35 33 30 30 30 30 73 68                           530000sh
Send to 12: BFDE67082086495301A99999053533303130307378353330303030736849ADE6AFD38D7C58
Recv fr 12: 9000
Send to 12: 80FA0000086E8B3482AC0C650A08
Recv fr 12: 6108
Send to 12: 00C0000008
Recv fr 12: 3F1C1BF38CCF04129000
Send to 01: 00A4020002EF06
Recv fr 01: 9000
Send to 01: 00B201055B
Recv fr 01: 0812353330313132313937393031303138363531091EB2E2CAD4BFA8D4C6C4CFC0A5C3F7CEE500000000000000000000000000004E1400000000000000000000000000000000000000000A01310B01010C03FFFFFF0D04197901019000
iReadCardBas ret撹孔, :[530100|530112197901018651|A99999905|530100D156000005A9999905EE54AF5C|霞編触堝掴瀬苧励|008CCF230186495301A9999905|2.00|20150324|20250324|539900900003||]

序秘iReadCard 
歌方:iType=[4], iAuthType=[2], pCardInfo=[530100D156000005A9999905EE54AF5C|A99999905|], pFileAddr=[DF04EF05|84|$]
登僅触頭井云
01 reset::
00000000h: 3B 6D 00 00 00 8C CF 23 01 86 49 53 01 A9 99 99   ;m.....#..IS....
00000010h: 05                                                .
Send to 01: 00A404000F7378312E73682EC9E7BBE1B1A3D5CF40
Recv fr 01: 6118
Send to 01: 00C0000018
Recv fr 01: 6F16840F7378312E73682EC9E7BBE1B1A3D5CFA50388011E9000
Send to 01: 00A4020002EF05
Recv fr 01: 9000
Send to 01: 00B2010010
Recv fr 01: 6C12
Send to 01: 00B2010012
Recv fr 01: 0110530100D156000005A9999905EE54AF5C9000
Send to 01: 00B2030004
Recv fr 01: 6C06
Send to 01: 00B2030006
Recv fr 01: 0304322E30309000
井云催[2.00]-->[2]
lSiTransInit歌方:1,1,1
12 reset::
00000000h: 3B 7D 96 00 00 00 81 4D 32 60 86 43 BF 19 10 98   ;}.....M2`.C....
00000010h: 38 3B                                             8;
Send to 01: 00A404000F7378312E73682EC9E7BBE1B1A3D5CF40
Recv fr 01: 6118
Send to 01: 00C0000018
Recv fr 01: 6F16840F7378312E73682EC9E7BBE1B1A3D5CFA50388011E9000
僉哘喘...CardAlg:0
Send to 12: 00B0960006
Recv fr 12: 5399009000039000
12 僉哘喘桟廠:0
Send to 12: 00A404000F7378312E73682EC9E7BBE1B1A3D5CF40
Recv fr 12: 6118
Send to 12: 00C0000018
Recv fr 12: 6F16840F7378312E73682EC9E7BBE1B1A3D5CFA5038801019000
Send to 12: 00A4040006D1560000059040
Recv fr 12: 610A
Send to 12: 00C000000A
Recv fr 12: 6F088406D156000005909000
Send to 01: 00A4020002EF05
Recv fr 01: 9000
Send to 01: 00B2010540
Recv fr 01: 0110530100D156000005A9999905EE54AF5C0201330304322E3030040C915600000253010053010A4A05042015032406042025032407094139393939393930359000
EF05::
00000000h: 01 10 53 01 00 D1 56 00 00 05 A9 99 99 05 EE 54   ..S...V........T
00000010h: AF 5C 02 01 33 03 04 32 2E 30 30 04 0C 91 56 00   .\..3..2.00...V.
00000020h: 00 02 53 01 00 53 01 0A 4A 05 04 20 15 03 24 06   ..S..S..J.....$.
00000030h: 04 20 25 03 24 07 09 41 39 39 39 39 39 39 30 35   ..%.$..A99999905
響触朔...CardAlg:1
井云催[2.00]-->[2]
蝕兵響[DF04EF05]和議[84|]:
Send to 01: 00A4000002DF04
Recv fr 01: 610A
Send to 01: 00C000000A
Recv fr 01: 6F088406D156000005039000
Send to 01: 00A4020002EF05
Recv fr 01: 9000
DivFactor::
00000000h: 86 49 53 01 A9 99 99 05 35 33 30 31 30 30 73 78   .IS.....530100sx
00000010h: 35 33 30 30 30 30 73 68                           530000sh
Send to 01: 0084000008
Recv fr 01: F41C38DB395D00EB9000
Send to 12: BFDE672D2086495301A999990535333031303073783533303030307368F41C38DB395D00EB
Recv fr 12: 9000
Send to 12: 80FA00000846FF3DF75AAAC21508
Recv fr 12: 6108
Send to 12: 00C0000008
Recv fr 12: 4B59C47234CA86619000
Send to 01: 00820084114B59C47234CA866146FF3DF75AAAC21501
Recv fr 01: 9000
Send to 01: 00B2840005
Recv fr 01: 84035305009000
響竃議方象:[530500|$]:
iReadCard 撹孔, ret:[DF04EF05|530500|$]

序秘iReadCard 
歌方:iType=[4], iAuthType=[2], pCardInfo=[530100D156000005A9999905EE54AF5C|A99999905|], pFileAddr=[SSSEEF0C|F1|$]
登僅触頭井云
01 reset::
00000000h: 3B 6D 00 00 00 8C CF 23 01 86 49 53 01 A9 99 99   ;m.....#..IS....
00000010h: 05                                                .
Send to 01: 00A404000F7378312E73682EC9E7BBE1B1A3D5CF40
Recv fr 01: 6118
Send to 01: 00C0000018
Recv fr 01: 6F16840F7378312E73682EC9E7BBE1B1A3D5CFA50388011E9000
Send to 01: 00A4020002EF05
Recv fr 01: 9000
Send to 01: 00B2010010
Recv fr 01: 6C12
Send to 01: 00B2010012
Recv fr 01: 0110530100D156000005A9999905EE54AF5C9000
Send to 01: 00B2030004
Recv fr 01: 6C06
Send to 01: 00B2030006
Recv fr 01: 0304322E30309000
井云催[2.00]-->[2]
lSiTransInit歌方:2,0,1
12 reset::
00000000h: 3B 7D 96 00 00 00 81 4D 32 60 86 43 BF 19 10 98   ;}.....M2`.C....
00000010h: 38 3B                                             8;
Send to 01: 00A404000F7378312E73682EC9E7BBE1B1A3D5CF40
Recv fr 01: 6118
Send to 01: 00C0000018
Recv fr 01: 6F16840F7378312E73682EC9E7BBE1B1A3D5CFA50388011E9000
僉哘喘...CardAlg:0
Send to 12: 00B0960006
Recv fr 12: 5399009000039000
Send to 01: 00A4020002EF05
Recv fr 01: 9000
Send to 01: 00B2010540
Recv fr 01: 0110530100D156000005A9999905EE54AF5C0201330304322E3030040C915600000253010053010A4A05042015032406042025032407094139393939393930359000
EF05::
00000000h: 01 10 53 01 00 D1 56 00 00 05 A9 99 99 05 EE 54   ..S...V........T
00000010h: AF 5C 02 01 33 03 04 32 2E 30 30 04 0C 91 56 00   .\..3..2.00...V.
00000020h: 00 02 53 01 00 53 01 0A 4A 05 04 20 15 03 24 06   ..S..S..J.....$.
00000030h: 04 20 25 03 24 07 09 41 39 39 39 39 39 39 30 35   ..%.$..A99999905
響触朔...CardAlg:1
井云催[2.00]-->[2]
蝕兵響[SSSEEF0C]和議[F1|]:
Send to 01: 00A404000F7378312E73682EC9E7BBE1B1A3D5CF40
Recv fr 01: 6118
Send to 01: 00C0000018
Recv fr 01: 6F16840F7378312E73682EC9E7BBE1B1A3D5CFA50388011E9000
Send to 01: 00A4020002EF0C
Recv fr 01: 9000
Send to 01: 00B2F1000B
Recv fr 01: F1097309999995FFFFFFFF9000
響竃議方象:[7309999995|$]:
iReadCard 撹孔, ret:[SSSEEF0C|7309999995|$]

序秘iVerifyPIN
lSiTransInit歌方:0,0,0
01 reset::
00000000h: 3B 6D 00 00 00 8C CF 23 01 86 49 53 01 A9 99 99   ;m.....#..IS....
00000010h: 05                                                .
Send to 01: 00A404000F7378312E73682EC9E7BBE1B1A3D5CF40
Recv fr 01: 6118
Send to 01: 00C0000018
Recv fr 01: 6F16840F7378312E73682EC9E7BBE1B1A3D5CFA50388011E9000
Send to 01: 0020000003111111
Recv fr 01: 9000
iVerifyPIN 撹孔/払移, ret:[0][面面面面面面面面面面面面面面面面面面面面面面面面面面面面面面面面面面面面面面面面面面面面面面面面面面面面面面面面面面面面面面面面面面面面面面面面面面面面面面面面面面面面面面面面面面面面面面面面面面面面面面面面面面面面面面面面面面面面面面面面面面面面面面面面面面面面面面面面面面面面面面面面面面面面面面面面面面面面面面面面面面面面面面面面面面面面面面面面面面面面面面面面面面面面面面面面面面面面面面面面面面面面面面面面面面面面面面面面面面面面面面面面面面面面面面面面面面面面面面面面面面面面面面面面面面面面面面面面面面面面面面面面面面面面面面面面面面面面面面面面面面面面面面面面面面面面面面面面面面面面面面面面面面面面面面面面面面面面面面面面面面面面面面面面面面面面面面面面面面面面面面面面面面面面面面面面面面面面面面面面面面面面面面面面面面面面面面面面面面面面面面面面面面面面面面面面面面面面面面面面面面面面面面面面面面面面面面面面面面面面面面面面面面面面面面面面面面面面面面面面面面面面面面面面面面面面面面面面面面面面面面面面面面面面面面面面面面面面面面面面面面面面面面面面面面面面面面面面面面面面面面面面面面面面面面面面面面面面面面面面面面面面面面面面面面面面面面面面面面面面面面面面面面面面面面面面面面面面面面面面面面面面面面面面面面面面面面面面面面面面面面面面面面面面面面面面面面面面面面面面面面面面面面面面面面面面面面]
**** Free Dll Sep  7 2017 10:00:53, CurrTime:20210809 230622 ****

**** **** **** ****
**** Start Dll Sep  7 2017 10:00:53, CurrTime:20210809 230742 ****
**** Free Dll Sep  7 2017 10:00:53, CurrTime:20210809 230752 ****

**** **** **** ****
**** Start Dll Sep  7 2017 10:00:53, CurrTime:20210811 215732 ****
**** Free Dll Sep  7 2017 10:00:53, CurrTime:20210811 215835 ****

**** **** **** ****
**** Start Dll Sep  7 2017 10:00:53, CurrTime:20210811 220332 ****
**** Free Dll Sep  7 2017 10:00:53, CurrTime:20210811 220338 ****

**** **** **** ****
**** Start Dll Sep  7 2017 10:00:53, CurrTime:20210812 173321 ****
**** Free Dll Sep  7 2017 10:00:53, CurrTime:20210812 173330 ****

**** **** **** ****
**** Start Dll Sep  7 2017 10:00:53, CurrTime:20210812 202058 ****
**** Free Dll Sep  7 2017 10:00:53, CurrTime:20210812 202128 ****

**** **** **** ****
**** Start Dll Sep  7 2017 10:00:53, CurrTime:20210812 202715 ****
**** Free Dll Sep  7 2017 10:00:53, CurrTime:20210812 202806 ****

**** **** **** ****
**** Start Dll Sep  7 2017 10:00:53, CurrTime:20210812 202859 ****
**** Free Dll Sep  7 2017 10:00:53, CurrTime:20210812 202934 ****

**** **** **** ****
**** Start Dll Sep  7 2017 10:00:53, CurrTime:20210812 203021 ****
**** Free Dll Sep  7 2017 10:00:53, CurrTime:20210812 203037 ****

**** **** **** ****
**** Start Dll Sep  7 2017 10:00:53, CurrTime:20210814 145004 ****
**** Free Dll Sep  7 2017 10:00:53, CurrTime:20210814 145110 ****

**** **** **** ****
**** Start Dll Sep  7 2017 10:00:53, CurrTime:20210814 145933 ****
**** Free Dll Sep  7 2017 10:00:53, CurrTime:20210814 145945 ****

**** **** **** ****
**** Start Dll Sep  7 2017 10:00:53, CurrTime:20210814 150126 ****
**** Free Dll Sep  7 2017 10:00:53, CurrTime:20210814 150214 ****

**** **** **** ****
**** Start Dll Sep  7 2017 10:00:53, CurrTime:20210814 150713 ****
**** Free Dll Sep  7 2017 10:00:53, CurrTime:20210814 150728 ****

**** **** **** ****
**** Start Dll Sep  7 2017 10:00:53, CurrTime:20210814 151006 ****

**** **** **** ****
**** Start Dll Sep  7 2017 10:00:53, CurrTime:20210814 151220 ****
**** Free Dll Sep  7 2017 10:00:53, CurrTime:20210814 151246 ****

**** **** **** ****
**** Start Dll Sep  7 2017 10:00:53, CurrTime:20210814 151924 ****
**** Free Dll Sep  7 2017 10:00:53, CurrTime:20210814 151949 ****

**** **** **** ****
**** Start Dll Sep  7 2017 10:00:53, CurrTime:20210814 153230 ****
**** Free Dll Sep  7 2017 10:00:53, CurrTime:20210814 153248 ****

**** **** **** ****
**** Start Dll Sep  7 2017 10:00:53, CurrTime:20220919 114113 ****

序秘iReadCardBas_HSM_Step1, iType=3...
lSiTransInit歌方:2,1,3
01 reset::
00000000h: 3B 6D 00 00 00 8C CF 23 01 86 49 53 01 A9 99 99   ;m.....#..IS....
00000010h: 06                                                .
Send to 01: 00A404000F7378312E73682EC9E7BBE1B1A3D5CF40
Recv fr 01: 6118
Send to 01: 00C0000018
Recv fr 01: 6F16840F7378312E73682EC9E7BBE1B1A3D5CFA50388011E9000
僉哘喘...CardAlg:0
触頭函坪何範屬方象
Send to 01: 0084000008
Recv fr 01: 7DEB4355E2541C1B9000
Send to 01: 0084000008
Recv fr 01: 44D72F737A2706049000
Send to 01: 008800001044D72F737A2706047DEB4355E2541C1B08
Recv fr 01: 6108
Send to 01: 00C0000008
Recv fr 01: 249E19C93D3C12589000
Send to 01: 00A4020002EF05
Recv fr 01: 9000
Send to 01: 00B2010540
Recv fr 01: 0110530100D156000005A999990620906CDE0201330304322E3030040C915600000253010053010A4A05042015032406042025032407094139393939393930369000
EF05::
00000000h: 01 10 53 01 00 D1 56 00 00 05 A9 99 99 06 20 90   ..S...V.........
00000010h: 6C DE 02 01 33 03 04 32 2E 30 30 04 0C 91 56 00   l...3..2.00...V.
00000020h: 00 02 53 01 00 53 01 0A 4A 05 04 20 15 03 24 06   ..S..S..J.....$.
00000030h: 04 20 25 03 24 07 09 41 39 39 39 39 39 39 30 36   ..%.$..A99999906
響触朔...CardAlg:1
井云催[2.00]-->[2]
iReadCardBas_HSM_Step1 撹孔, ret:[530100|008CCF230186495301A9999906|01|530100D156000005A999990620906CDE|44D72F737A270604|7DEB4355E2541C1B|||]

序秘iReadCardBas_HSM_Step2
歌方:[249E19C93D3C12587DEB4355E2541C1B||]
Send to 01: 00A4020002EF06
Recv fr 01: 9000
Send to 01: 00B201055B
Recv fr 01: 0812353330313132313937393031303132373237091EB2E2CAD4BFA8D4C6C4CFC0A5C3F7C1F900000000000000000000000000004E1400000000000000000000000000000000000000000A01320B01010C03FFFFFF0D04197901019000
iReadCardBas_HSM_Step2 撹孔, ret:[530100|530112197901012727|A99999906|530100D156000005A999990620906CDE|霞編触堝掴瀬苧鎗|008CCF230186495301A9999906|2.00|20150324|20250324|000000000000|33FFDD054D47323940641751|]
lSiTransInit歌方:0,0,1
01 reset::
00000000h: 3B 6D 00 00 00 8C CF 23 01 86 49 53 01 A9 99 99   ;m.....#..IS....
00000010h: 06                                                .
Send to 01: 00A404000F7378312E73682EC9E7BBE1B1A3D5CF40
Recv fr 01: 6118
Send to 01: 00C0000018
Recv fr 01: 6F16840F7378312E73682EC9E7BBE1B1A3D5CFA50388011E9000
僉哘喘...CardAlg:0
Send to 01: 00A4020002EF05
Recv fr 01: 9000
Send to 01: 00B2010540
Recv fr 01: 0110530100D156000005A999990620906CDE0201330304322E3030040C915600000253010053010A4A05042015032406042025032407094139393939393930369000
EF05::
00000000h: 01 10 53 01 00 D1 56 00 00 05 A9 99 99 06 20 90   ..S...V.........
00000010h: 6C DE 02 01 33 03 04 32 2E 30 30 04 0C 91 56 00   l...3..2.00...V.
00000020h: 00 02 53 01 00 53 01 0A 4A 05 04 20 15 03 24 06   ..S..S..J.....$.
00000030h: 04 20 25 03 24 07 09 41 39 39 39 39 39 39 30 36   ..%.$..A99999906
響触朔...CardAlg:1
井云催[2.00]-->[2]
Send to 01: 00A4020002EF0C
Recv fr 01: 9000
Send to 01: 00B2F1000B
Recv fr 01: F1097309999996FFFFFFFF9000
**** Free Dll Sep  7 2017 10:00:53, CurrTime:20220919 114141 ****

**** **** **** ****
**** Start Dll Jan 13 2022 11:09:57, CurrTime:20220919 141732 ****
**** Free Dll Jan 13 2022 11:09:57, CurrTime:20220919 141747 ****

**** **** **** ****
**** Start Dll Jan 13 2022 11:09:57, CurrTime:20220919 141813 ****
**** Free Dll Jan 13 2022 11:09:57, CurrTime:20220919 141942 ****

**** **** **** ****
**** Start Dll Jan 13 2022 11:09:57, CurrTime:20220919 142128 ****
**** Free Dll Jan 13 2022 11:09:57, CurrTime:20220919 142503 ****

**** **** **** ****
**** Start Dll Jan 13 2022 11:09:57, CurrTime:20220919 142542 ****
**** Free Dll Jan 13 2022 11:09:57, CurrTime:20220919 142605 ****

**** **** **** ****
**** Start Dll Jan 13 2022 11:09:57, CurrTime:20220919 142632 ****
**** Free Dll Jan 13 2022 11:09:57, CurrTime:20220919 142859 ****

**** **** **** ****
**** Start Dll Jan 13 2022 11:09:57, CurrTime:20220919 143312 ****

序秘iReadCardBas, iType=3...
lSiTransInit歌方:PsamUse=1, AlgSel=1, Readbas=2, type=3
触頭鹸了念購液触頭
触頭鹸了...
01 reset:
00000000h: 3B 6D 00 00 00 90 00 88 57 86 65 53 99 A8 3D FF   ;m......W.eS..=.
00000010h: 55                                                U
card his bytes:
00000000h: 00 90 00 88 57 86 65 53 99 A8 3D FF 55            ....W.eS..=.U
12 reset払移:-4
lSiTransInit:-2201,[涙PSAM触]

序秘iReadCardBas_HSM_Step1, iType=3...
lSiTransInit歌方:PsamUse=2, AlgSel=1, Readbas=3, type=3
触頭鹸了念購液触頭
触頭鹸了...
01 reset:
00000000h: 3B 6D 00 00 00 90 00 88 57 86 65 53 99 A8 3D FF   ;m......W.eS..=.
00000010h: 55                                                U
card his bytes:
00000000h: 00 90 00 88 57 86 65 53 99 A8 3D FF 55            ....W.eS..=.U
Send to 01: 00A404000F7378312E73682EC9E7BBE1B1A3D5CF40
Recv fr 01: 611E
Send to 01: 00C000001E
Recv fr 01: 6F1C840F7378312E73682EC9E7BBE1B1A3D5CFA50988011E9F0C038601039000
僉哘喘...CardAlg:3
触頭函坪何範屬方象
Send to 01: 0084000008
Recv fr 01: D294A3351525F1889000
Send to 01: 0084000008
Recv fr 01: 2763B91CC19908FF9000
Send to 01: 00880000102763B91CC19908FFD294A3351525F18808
Recv fr 01: 6108
Send to 01: 00C0000008
Recv fr 01: 6216529AB0C66E4A9000
Send to 01: 00A4020002EF05
Recv fr 01: 9000
Send to 01: 00B2010540
Recv fr 01: 0110539900D156000005A83DFF55B0EB90B80201330304332E3030040C915600000253990053010A3F05042022083006042032083007095931393634313033329000
EF05::
00000000h: 01 10 53 99 00 D1 56 00 00 05 A8 3D FF 55 B0 EB   ..S...V....=.U..
00000010h: 90 B8 02 01 33 03 04 33 2E 30 30 04 0C 91 56 00   ....3..3.00...V.
00000020h: 00 02 53 99 00 53 01 0A 3F 05 04 20 22 08 30 06   ..S..S..?...".0.
00000030h: 04 20 32 08 30 07 09 59 31 39 36 34 31 30 33 32   ..2.0..Y19641032
響触朔...CardAlg:3
井云催[3.00]-->[3]
3.0触函翌何範屬方象
Send to 01: 0084000008
Recv fr 01: 1F99DFCF30D08DF99000
iReadCardBas_HSM_Step1 撹孔, ret:[539900|009000885786655399A83DFF55|03|539900D156000005A83DFF55B0EB90B8|2763B91CC19908FF|D294A3351525F188|1F99DFCF30D08DF9|CC1DA11D3C180918|]

序秘iReadCardBas_HSM_Step2
歌方:[6216529AB0C66E4AD294A3351525F188|1A314368FA695243CC1DA11D3C180918|]
3.0触翌何範屬,alg=3
Send to 01: 0082000A111A314368FA695243CC1DA11D3C18091801
Recv fr 01: 9000
Send to 01: 00A4020002EF06
Recv fr 01: 9000
Send to 01: 00B201055B
Recv fr 01: 0812353330333233313939393031323130303434091ED2F3D0C4D3EF0000000000000000000000000000000000000000000000004E1400000000000000000000000000000000000000000A01320B01010C03FFFFFF0D04199901219000
iReadCardBas_HSM_Step2 撹孔, ret:[539900|530323199901210044|Y19641032|539900D156000005A83DFF55B0EB90B8|呶伉囂|009000885786655399A83DFF55|3.00|20220830|20320830|000000000000|33FFDD054D47323940641751|]

序秘iReadCard 
歌方:iType=[3], iAuthType=[2], pCardInfo=[539900D156000005A83DFF55B0EB90B8|Y19641032|], pFileAddr=[DF04EF05|84|$]
登僅触頭井云
01 reset:
00000000h: 3B 6D 00 00 00 90 00 88 57 86 65 53 99 A8 3D FF   ;m......W.eS..=.
00000010h: 55                                                U
card his bytes:
00000000h: 00 90 00 88 57 86 65 53 99 A8 3D FF 55            ....W.eS..=.U
Send to 01: 00A404000F7378312E73682EC9E7BBE1B1A3D5CF40
Recv fr 01: 611E
Send to 01: 00C000001E
Recv fr 01: 6F1C840F7378312E73682EC9E7BBE1B1A3D5CFA50988011E9F0C038601039000
Send to 01: 00A4020002EF05
Recv fr 01: 9000
Send to 01: 00B2010012
Recv fr 01: 0110539900D156000005A83DFF55B0EB90B89000
Send to 01: 00B2030006
Recv fr 01: 0304332E30309000
井云催[3.00]-->[3]
lSiTransInit歌方:PsamUse=1, AlgSel=1, Readbas=1, type=3
12 reset払移:-4
lSiTransInit ret:-2201,[涙PSAM触]

序秘iReadCard_HSM_Step1
歌方:iType=[3], pCardInfo=[539900D156000005A83DFF55B0EB90B8|Y19641032|], pFileAddr=[DF04EF05|84|$]
登僅触頭井云
01 reset:
00000000h: 3B 6D 00 00 00 90 00 88 57 86 65 53 99 A8 3D FF   ;m......W.eS..=.
00000010h: 55                                                U
card his bytes:
00000000h: 00 90 00 88 57 86 65 53 99 A8 3D FF 55            ....W.eS..=.U
Send to 01: 00A404000F7378312E73682EC9E7BBE1B1A3D5CF40
Recv fr 01: 611E
Send to 01: 00C000001E
Recv fr 01: 6F1C840F7378312E73682EC9E7BBE1B1A3D5CFA50988011E9F0C038601039000
Send to 01: 00A4020002EF05
Recv fr 01: 9000
Send to 01: 00B2010012
Recv fr 01: 0110539900D156000005A83DFF55B0EB90B89000
Send to 01: 00B2030006
Recv fr 01: 0304332E30309000
井云催[3.00]-->[3]
lSiTransInit歌方:PsamUse=0, AlgSel=1, Readbas=1, type=3
Send to 01: 00A404000F7378312E73682EC9E7BBE1B1A3D5CF40
Recv fr 01: 611E
Send to 01: 00C000001E
Recv fr 01: 6F1C840F7378312E73682EC9E7BBE1B1A3D5CFA50988011E9F0C038601039000
僉哘喘...CardAlg:3
Send to 01: 00A4020002EF05
Recv fr 01: 9000
Send to 01: 00B2010540
Recv fr 01: 0110539900D156000005A83DFF55B0EB90B80201330304332E3030040C915600000253990053010A3F05042022083006042032083007095931393634313033329000
EF05::
00000000h: 01 10 53 99 00 D1 56 00 00 05 A8 3D FF 55 B0 EB   ..S...V....=.U..
00000010h: 90 B8 02 01 33 03 04 33 2E 30 30 04 0C 91 56 00   ....3..3.00...V.
00000020h: 00 02 53 99 00 53 01 0A 3F 05 04 20 22 08 30 06   ..S..S..?...".0.
00000030h: 04 20 32 08 30 07 09 59 31 39 36 34 31 30 33 32   ..2.0..Y19641032
響触朔...CardAlg:3
井云催[3.00]-->[3]
Send to 01: 00A4040006D1560000050340
Recv fr 01: 610A
Send to 01: 00C000000A
Recv fr 01: 6F088406D156000005039000
Send to 01: 00A4020002EF05
Recv fr 01: 9000
Send to 01: 0084000008
Recv fr 01: 4869DD28063F14119000
iReadCard_HSM_Step1 撹孔, ret:[03|0182|4869DD28063F1411|D612FA1B1C1C83CA|]

序秘iReadCard_HSM_Step2
歌方:pKey=[FBE7A534768CCC87D612FA1B1C1C83CA]
Send to 01: 0082008411FBE7A534768CCC87D612FA1B1C1C83CA01
Recv fr 01: 9000
蝕兵響[DF04EF05]和議[84|]:
Send to 01: 00B2840005
Recv fr 01: 8403FFFFFF9000
響竃議方象:[|$]:
iReadCard 撹孔, ret:[DF04EF05||$]

序秘iReadCard 
歌方:iType=[3], iAuthType=[2], pCardInfo=[539900D156000005A83DFF55B0EB90B8|Y19641032|], pFileAddr=[SSSEEF0C|F1|$]
登僅触頭井云
01 reset:
00000000h: 3B 6D 00 00 00 90 00 88 57 86 65 53 99 A8 3D FF   ;m......W.eS..=.
00000010h: 55                                                U
card his bytes:
00000000h: 00 90 00 88 57 86 65 53 99 A8 3D FF 55            ....W.eS..=.U
Send to 01: 00A404000F7378312E73682EC9E7BBE1B1A3D5CF40
Recv fr 01: 611E
Send to 01: 00C000001E
Recv fr 01: 6F1C840F7378312E73682EC9E7BBE1B1A3D5CFA50988011E9F0C038601039000
Send to 01: 00A4020002EF05
Recv fr 01: 9000
Send to 01: 00B2010012
Recv fr 01: 0110539900D156000005A83DFF55B0EB90B89000
Send to 01: 00B2030006
Recv fr 01: 0304332E30309000
井云催[3.00]-->[3]
lSiTransInit歌方:PsamUse=2, AlgSel=0, Readbas=1, type=3
Send to 01: 00A404000F7378312E73682EC9E7BBE1B1A3D5CF40
Recv fr 01: 611E
Send to 01: 00C000001E
Recv fr 01: 6F1C840F7378312E73682EC9E7BBE1B1A3D5CFA50988011E9F0C038601039000
僉哘喘...CardAlg:3
Send to 01: 00A4020002EF05
Recv fr 01: 9000
Send to 01: 00B2010540
Recv fr 01: 0110539900D156000005A83DFF55B0EB90B80201330304332E3030040C915600000253990053010A3F05042022083006042032083007095931393634313033329000
EF05::
00000000h: 01 10 53 99 00 D1 56 00 00 05 A8 3D FF 55 B0 EB   ..S...V....=.U..
00000010h: 90 B8 02 01 33 03 04 33 2E 30 30 04 0C 91 56 00   ....3..3.00...V.
00000020h: 00 02 53 99 00 53 01 0A 3F 05 04 20 22 08 30 06   ..S..S..?...".0.
00000030h: 04 20 32 08 30 07 09 59 31 39 36 34 31 30 33 32   ..2.0..Y19641032
響触朔...CardAlg:3
井云催[3.00]-->[3]
蝕兵響[SSSEEF0C]和議[F1|]:
Send to 01: 00A404000F7378312E73682EC9E7BBE1B1A3D5CF40
Recv fr 01: 611E
Send to 01: 00C000001E
Recv fr 01: 6F1C840F7378312E73682EC9E7BBE1B1A3D5CFA50988011E9F0C038601039000
Send to 01: 00A4020002EF0C
Recv fr 01: 9000
Send to 01: 00B2F1000B
Recv fr 01: F1095001287743FFFFFFFF9000
響竃議方象:[5001287743|$]:
iReadCard 撹孔, ret:[SSSEEF0C|5001287743|$]

序秘iVerifyPIN
lSiTransInit歌方:PsamUse=0, AlgSel=0, Readbas=0, type=3
触頭鹸了念購液触頭
触頭鹸了...
01 reset:
00000000h: 3B 6D 00 00 00 90 00 88 57 86 65 53 99 A8 3D FF   ;m......W.eS..=.
00000010h: 55                                                U
card his bytes:
00000000h: 00 90 00 88 57 86 65 53 99 A8 3D FF 55            ....W.eS..=.U
Send to 01: 00A404000F7378312E73682EC9E7BBE1B1A3D5CF40
Recv fr 01: 611E
Send to 01: 00C000001E
Recv fr 01: 6F1C840F7378312E73682EC9E7BBE1B1A3D5CFA50988011E9F0C038601039000
Send to 01: 0020000003000000
Recv fr 01: 9000
iVerifyPIN 撹孔/払移, ret:[0][面面面面面面面面面面面面面面面面面面面面面面面面面面面面面面面面面面面面面面面面面面面面面面面面面面面面面面面面面面面面面面面面面面面面面面面面面面面面面面面面面面面面面面面面面面面面面面面面面面面面面面面面面面面面面面面面面面面面面面面面面面面面面面面面面面面面面面面面面面面面面面面面面面面面面面面面面面面面面面面面面面面面面面面面面面面面面面面面面面面面面面面面面面面面面面面面面面面面面面面面面面面面面面面面面面面面面面面面面面面面面面面面面面面面面面面面面面面面面面面面面面面面面面面面面面面面面面面面面面面面面面面面面面面面面面面面面面面面面面面面面面面面面面面面面面面面面面面面面面面面面面面面面面面面面面面面面面面面面面面面面面面面面面面面面面面面面面面面面面面面面面面面面面面面面面面面面面面面面面面面面面面面面面面面面面面面面面面面面面面面面面面面面面面面面面面面面面面面面面面面面面面面面面面面面面面面面面面面面面面面面面面面面面面面面面面面面面面面面面面面面面面面面面面面面面面面面面面面面面面面面面面面面面面面面面面面面面面面面面面面面面面面面面面面面面面面面面面面面面面面面面面面面面面面面面面面面面面面面面面面面面面面面面面面面面面面面面面面面面面面面面面面面面面面面面面面面面面面面面面面面面面面面面面面面面面面面面面面面面面面面面面面面面面面面面面面面面面面面面面面面面面面面面面面面面面面面面]
**** Free Dll Jan 13 2022 11:09:57, CurrTime:20220919 143335 ****

**** **** **** ****
**** Start Dll Jan 13 2022 11:09:57, CurrTime:20220919 143343 ****
**** Free Dll Jan 13 2022 11:09:57, CurrTime:20220919 143406 ****

**** **** **** ****
**** Start Dll Jan 13 2022 11:09:57, CurrTime:20220919 151125 ****

**** **** **** ****
**** Start Dll Jan 13 2022 11:09:57, CurrTime:20220919 152411 ****

**** **** **** ****
**** Start Dll Jan 13 2022 11:09:57, CurrTime:20220919 155452 ****
**** Free Dll Jan 13 2022 11:09:57, CurrTime:20220919 155511 ****

**** **** **** ****
**** Start Dll Jan 13 2022 11:09:57, CurrTime:20220919 160202 ****

**** **** **** ****
**** Start Dll Jan 13 2022 11:09:57, CurrTime:20220919 160344 ****
**** Free Dll Jan 13 2022 11:09:57, CurrTime:20220919 162519 ****
**** Free Dll Jan 13 2022 11:09:57, CurrTime:20220919 162532 ****
**** Free Dll Jan 13 2022 11:09:57, CurrTime:20220919 162553 ****
**** Free Dll Jan 13 2022 11:09:57, CurrTime:20220919 162600 ****

**** **** **** ****
**** Start Dll Jan 13 2022 11:09:57, CurrTime:20220919 162629 ****
**** Free Dll Jan 13 2022 11:09:57, CurrTime:20220919 162716 ****

**** **** **** ****
**** Start Dll Jan 13 2022 11:09:57, CurrTime:20220919 163151 ****
**** Free Dll Jan 13 2022 11:09:57, CurrTime:20220919 163240 ****

**** **** **** ****
**** Start Dll Jan 13 2022 11:09:57, CurrTime:20220919 181015 ****

**** **** **** ****
**** Start Dll Jan 13 2022 11:09:57, CurrTime:20220919 181150 ****
**** Free Dll Jan 13 2022 11:09:57, CurrTime:20220919 181203 ****
**** Free Dll Jan 13 2022 11:09:57, CurrTime:20220919 181408 ****

**** **** **** ****
**** Start Dll Jan 13 2022 11:09:57, CurrTime:20220919 181956 ****
**** Free Dll Jan 13 2022 11:09:57, CurrTime:20220919 182044 ****

**** **** **** ****
**** Start Dll Jan 13 2022 11:09:57, CurrTime:20240228 175840 ****

**** **** **** ****
**** Start Dll Jan 13 2022 11:09:57, CurrTime:20240316 165400 ****
**** Free Dll Jan 13 2022 11:09:57, CurrTime:20240316 165419 ****

**** **** **** ****
**** Start Dll Jan 13 2022 11:09:57, CurrTime:20240316 170114 ****
**** Free Dll Jan 13 2022 11:09:57, CurrTime:20240316 170131 ****

**** **** **** ****
**** Start Dll Jan 13 2022 11:09:57, CurrTime:20240316 171349 ****
**** Free Dll Jan 13 2022 11:09:57, CurrTime:20240316 171406 ****

**** **** **** ****
**** Start Dll Jan 13 2022 11:09:57, CurrTime:20240316 171408 ****
**** Free Dll Jan 13 2022 11:09:57, CurrTime:20240316 171822 ****

**** **** **** ****
**** Start Dll Jan 13 2022 11:09:57, CurrTime:20240316 171824 ****
**** Free Dll Jan 13 2022 11:09:57, CurrTime:20240316 171909 ****

**** **** **** ****
**** Start Dll Jan 13 2022 11:09:57, CurrTime:20240316 172016 ****
**** Free Dll Jan 13 2022 11:09:57, CurrTime:20240316 172227 ****

**** **** **** ****
**** Start Dll Jan 13 2022 11:09:57, CurrTime:20240316 172229 ****
**** Free Dll Jan 13 2022 11:09:57, CurrTime:20240316 172423 ****

**** **** **** ****
**** Start Dll Jan 13 2022 11:09:57, CurrTime:20240316 172507 ****
**** Free Dll Jan 13 2022 11:09:57, CurrTime:20240316 172618 ****

**** **** **** ****
**** Start Dll Jan 13 2022 11:09:57, CurrTime:20240316 172640 ****
**** Free Dll Jan 13 2022 11:09:57, CurrTime:20240316 172655 ****

**** **** **** ****
**** Start Dll Jan 13 2022 11:09:57, CurrTime:20240316 172745 ****
**** Free Dll Jan 13 2022 11:09:57, CurrTime:20240316 174122 ****

**** **** **** ****
**** Start Dll Jan 13 2022 11:09:57, CurrTime:20240316 174124 ****
**** Free Dll Jan 13 2022 11:09:57, CurrTime:20240316 174504 ****

**** **** **** ****
**** Start Dll Jan 13 2022 11:09:57, CurrTime:20240316 174649 ****

**** **** **** ****
**** Start Dll Jan 13 2022 11:09:57, CurrTime:20240316 183523 ****
**** Free Dll Jan 13 2022 11:09:57, CurrTime:20240316 184550 ****

**** **** **** ****
**** Start Dll Jan 13 2022 11:09:57, CurrTime:20240316 184552 ****
**** Free Dll Jan 13 2022 11:09:57, CurrTime:20240316 184743 ****

**** **** **** ****
**** Start Dll Jan 13 2022 11:09:57, CurrTime:20240316 184745 ****
**** Free Dll Jan 13 2022 11:09:57, CurrTime:20240316 184849 ****

**** **** **** ****
**** Start Dll Jan 13 2022 11:09:57, CurrTime:20240316 184850 ****
**** Free Dll Jan 13 2022 11:09:57, CurrTime:20240316 184851 ****

**** **** **** ****
**** Start Dll Jan 13 2022 11:09:57, CurrTime:20240316 184907 ****
**** Free Dll Jan 13 2022 11:09:57, CurrTime:20240316 185235 ****

**** **** **** ****
**** Start Dll Jan 13 2022 11:09:57, CurrTime:20240316 185237 ****
**** Free Dll Jan 13 2022 11:09:57, CurrTime:20240316 185612 ****

**** **** **** ****
**** Start Dll Jan 13 2022 11:09:57, CurrTime:20240316 185614 ****
**** Free Dll Jan 13 2022 11:09:57, CurrTime:20240316 190552 ****

**** **** **** ****
**** Start Dll Jan 13 2022 11:09:57, CurrTime:20240316 190554 ****

**** **** **** ****
**** Start Dll Jan 13 2022 11:09:57, CurrTime:20240316 190646 ****

**** **** **** ****
**** Start Dll Jan 13 2022 11:09:57, CurrTime:20240316 190810 ****

**** **** **** ****
**** Start Dll Jan 13 2022 11:09:57, CurrTime:20240316 191939 ****
